<?xml version="1.0" encoding="UTF-8"?>
<!-- Generated by org.testng.reporters.JUnitReportReporter -->
<testsuite skipped="0" hostname="Murodjons-MacBook-Pro.local" name="com.cybertek.TestNGAmazonSearch" tests="1" failures="0" timestamp="20 Sep 2018 14:20:54 GMT" time="7.794" errors="0">
  <testcase name="goToAmazon" time="7.794" classname="com.cybertek.TestNGAmazonSearch"/>
</testsuite> <!-- com.cybertek.TestNGAmazonSearch -->
